2025-09-28 15:54:44,083 [INFO] Structured logger initialized.
2025-09-28 15:54:45,708 [INFO] ccxt.fetch_ohlcv_or_trades ok=True latency_ms=1624.1
2025-09-28 15:57:19,941 [INFO] Structured logger initialized.
2025-09-28 15:57:21,948 [INFO] ccxt.fetch_ohlcv_or_trades ok=True latency_ms=2004.9
2025-09-28 15:59:18,354 [INFO] Structured logger initialized.
2025-09-28 15:59:20,269 [INFO] ccxt.fetch_ohlcv_or_trades ok=True latency_ms=1911.0
2025-09-28 16:00:56,689 [INFO] Structured logger initialized.
2025-09-28 16:00:58,377 [INFO] ccxt.fetch_ohlcv_or_trades ok=True latency_ms=1687.1
2025-09-28 16:02:06,237 [INFO] Structured logger initialized.
2025-09-28 16:02:07,935 [INFO] ccxt.fetch_ohlcv_or_trades ok=True latency_ms=1695.9
2025-09-28 16:05:05,496 [INFO] ccxt.fetch_ohlcv_or_trades ok=True latency_ms=1849.5
2025-09-28 17:05:02,256 [INFO] ccxt.fetch_ohlcv_or_trades ok=True latency_ms=1326.5
2025-09-28 18:05:10,378 [INFO] ccxt.fetch_ohlcv_or_trades ok=True latency_ms=1368.0
2025-09-28 19:05:11,981 [INFO] ccxt.fetch_ohlcv_or_trades ok=True latency_ms=1579.0
2025-09-28 19:41:52,938 [INFO] Structured logger initialized.
2025-09-28 19:41:54,809 [INFO] ccxt.fetch_ohlcv_or_trades ok=True latency_ms=1867.8
2025-09-28 19:47:20,018 [INFO] Structured logger initialized.
2025-09-28 19:47:21,810 [INFO] ccxt.fetch_ohlcv_or_trades ok=True latency_ms=1786.9
2025-09-28 19:47:44,860 [INFO] Structured logger initialized.
2025-09-28 19:47:46,479 [INFO] ccxt.fetch_ohlcv_or_trades ok=True latency_ms=1616.5
2025-09-28 20:05:05,016 [INFO] ccxt.fetch_ohlcv_or_trades ok=True latency_ms=1644.5
2025-09-28 21:05:03,017 [INFO] ccxt.fetch_ohlcv_or_trades ok=True latency_ms=1571.5
2025-09-28 22:05:05,981 [INFO] ccxt.fetch_ohlcv_or_trades ok=True latency_ms=2098.9
2025-09-28 23:05:04,622 [INFO] ccxt.fetch_ohlcv_or_trades ok=True latency_ms=2331.9
2025-09-29 00:05:02,466 [INFO] ccxt.fetch_ohlcv_or_trades ok=True latency_ms=1363.1
2025-09-29 01:05:05,105 [INFO] ccxt.fetch_ohlcv_or_trades ok=True latency_ms=1299.0
2025-09-29 02:05:02,775 [INFO] ccxt.fetch_ohlcv_or_trades ok=True latency_ms=1279.2
2025-09-29 03:05:05,616 [INFO] ccxt.fetch_ohlcv_or_trades ok=True latency_ms=1540.0
2025-09-29 04:05:03,115 [INFO] ccxt.fetch_ohlcv_or_trades ok=True latency_ms=1151.3
2025-09-29 05:05:06,044 [INFO] ccxt.fetch_ohlcv_or_trades ok=True latency_ms=1321.0
2025-09-29 06:05:03,565 [INFO] ccxt.fetch_ohlcv_or_trades ok=True latency_ms=1202.5
2025-09-29 07:05:06,428 [INFO] ccxt.fetch_ohlcv_or_trades ok=True latency_ms=1201.4
2025-09-29 08:05:03,903 [INFO] ccxt.fetch_ohlcv_or_trades ok=True latency_ms=1190.8
2025-09-29 09:05:06,171 [INFO] ccxt.fetch_ohlcv_or_trades ok=True latency_ms=1136.9
2025-09-29 10:05:03,771 [INFO] ccxt.fetch_ohlcv_or_trades ok=True latency_ms=1299.2
2025-09-29 11:05:06,517 [INFO] ccxt.fetch_ohlcv_or_trades ok=True latency_ms=1274.3
2025-09-29 12:05:04,853 [INFO] ccxt.fetch_ohlcv_or_trades ok=True latency_ms=2124.8
2025-09-29 13:05:02,290 [INFO] ccxt.fetch_ohlcv_or_trades ok=True latency_ms=1218.9
2025-09-29 14:05:04,826 [INFO] ccxt.fetch_ohlcv_or_trades ok=True latency_ms=1194.5
2025-09-29 15:05:02,323 [INFO] ccxt.fetch_ohlcv_or_trades ok=True latency_ms=1290.1
2025-09-29 16:05:04,835 [INFO] ccxt.fetch_ohlcv_or_trades ok=True latency_ms=1266.8
2025-09-29 17:05:02,177 [INFO] ccxt.fetch_ohlcv_or_trades ok=True latency_ms=1249.1
2025-09-29 18:05:05,767 [INFO] ccxt.fetch_ohlcv_or_trades ok=True latency_ms=2231.1
2025-09-29 19:05:03,055 [INFO] ccxt.fetch_ohlcv_or_trades ok=True latency_ms=1254.7
2025-09-29 20:05:05,722 [INFO] ccxt.fetch_ohlcv_or_trades ok=True latency_ms=1383.8
2025-09-29 21:05:03,334 [INFO] ccxt.fetch_ohlcv_or_trades ok=True latency_ms=1451.0
2025-09-29 22:05:06,667 [INFO] ccxt.fetch_ohlcv_or_trades ok=True latency_ms=2042.4
2025-09-29 23:05:05,367 [INFO] ccxt.fetch_ohlcv_or_trades ok=True latency_ms=2240.0
2025-09-30 00:05:03,748 [INFO] ccxt.fetch_ohlcv_or_trades ok=True latency_ms=1705.7
2025-09-30 01:05:06,616 [INFO] ccxt.fetch_ohlcv_or_trades ok=True latency_ms=1276.4
2025-09-30 02:05:04,300 [INFO] ccxt.fetch_ohlcv_or_trades ok=True latency_ms=1344.1
2025-09-30 03:05:02,394 [INFO] ccxt.fetch_ohlcv_or_trades ok=True latency_ms=1598.4
2025-09-30 04:05:05,503 [INFO] ccxt.fetch_ohlcv_or_trades ok=True latency_ms=1213.8
2025-09-30 05:05:03,502 [INFO] ccxt.fetch_ohlcv_or_trades ok=True latency_ms=1536.6
2025-09-30 06:05:06,292 [INFO] ccxt.fetch_ohlcv_or_trades ok=True latency_ms=1459.5
2025-09-30 07:05:03,759 [INFO] ccxt.fetch_ohlcv_or_trades ok=True latency_ms=1297.8
2025-09-30 08:05:06,564 [INFO] ccxt.fetch_ohlcv_or_trades ok=True latency_ms=1666.7
2025-09-30 09:05:04,182 [INFO] ccxt.fetch_ohlcv_or_trades ok=True latency_ms=1322.8
2025-09-30 10:05:01,937 [INFO] ccxt.fetch_ohlcv_or_trades ok=True latency_ms=1455.2
2025-09-30 11:05:04,332 [INFO] ccxt.fetch_ohlcv_or_trades ok=True latency_ms=1251.3
2025-09-30 12:05:01,926 [INFO] ccxt.fetch_ohlcv_or_trades ok=True latency_ms=1361.1
2025-09-30 13:05:04,504 [INFO] ccxt.fetch_ohlcv_or_trades ok=True latency_ms=1370.0
2025-09-30 14:05:02,263 [INFO] ccxt.fetch_ohlcv_or_trades ok=True latency_ms=1283.9
2025-09-30 15:05:04,890 [INFO] ccxt.fetch_ohlcv_or_trades ok=True latency_ms=1359.4
2025-09-30 16:05:02,503 [INFO] ccxt.fetch_ohlcv_or_trades ok=True latency_ms=1294.0
2025-09-30 17:05:05,051 [INFO] ccxt.fetch_ohlcv_or_trades ok=True latency_ms=1334.0
2025-09-30 18:05:02,537 [INFO] ccxt.fetch_ohlcv_or_trades ok=True latency_ms=1324.8
2025-09-30 19:05:05,370 [INFO] ccxt.fetch_ohlcv_or_trades ok=True latency_ms=1493.0
2025-09-30 20:05:03,475 [INFO] ccxt.fetch_ohlcv_or_trades ok=True latency_ms=1608.7
2025-09-30 21:05:06,962 [INFO] ccxt.fetch_ohlcv_or_trades ok=True latency_ms=2134.2
2025-09-30 22:05:05,241 [INFO] ccxt.fetch_ohlcv_or_trades ok=True latency_ms=1980.4
2025-09-30 23:05:02,700 [INFO] ccxt.fetch_ohlcv_or_trades ok=True latency_ms=1369.4
2025-10-01 00:05:05,446 [INFO] ccxt.fetch_ohlcv_or_trades ok=True latency_ms=1327.1
2025-10-01 01:05:03,123 [INFO] ccxt.fetch_ohlcv_or_trades ok=True latency_ms=1510.8
2025-10-01 02:05:05,795 [INFO] ccxt.fetch_ohlcv_or_trades ok=True latency_ms=1358.9
2025-10-01 03:05:04,671 [INFO] ccxt.fetch_ohlcv_or_trades ok=True latency_ms=2468.2
2025-10-01 04:05:02,448 [INFO] ccxt.fetch_ohlcv_or_trades ok=True latency_ms=1623.6
2025-10-01 05:05:05,652 [INFO] ccxt.fetch_ohlcv_or_trades ok=True latency_ms=1882.0
2025-10-01 06:05:03,570 [INFO] ccxt.fetch_ohlcv_or_trades ok=True latency_ms=1588.1
2025-10-01 07:05:06,099 [INFO] ccxt.fetch_ohlcv_or_trades ok=True latency_ms=1343.9
2025-10-01 08:05:03,654 [INFO] ccxt.fetch_ohlcv_or_trades ok=True latency_ms=1362.8
2025-10-01 09:05:06,041 [INFO] ccxt.fetch_ohlcv_or_trades ok=True latency_ms=1258.1
2025-10-01 10:05:03,389 [INFO] ccxt.fetch_ohlcv_or_trades ok=True latency_ms=1311.6
2025-10-01 11:05:05,979 [INFO] ccxt.fetch_ohlcv_or_trades ok=True latency_ms=1286.1
2025-10-01 12:32:43,805 [ERROR] Exception in fetch_ohlcv_latest_ccxt: load_markets failed after 3 retries: binance GET https://api.binance.com/api/v3/exchangeInfo
2025-10-01 12:47:49,780 [WARNING] ccxt.fetch_ohlcv_or_trades ok=False latency_ms=910795.9
2025-10-01 14:18:33,763 [ERROR] Exception in fetch_ohlcv_latest_ccxt: load_markets failed after 3 retries: binance GET https://api.binance.com/api/v3/exchangeInfo
2025-10-01 14:35:09,637 [WARNING] ccxt.fetch_ohlcv_or_trades ok=False latency_ms=1000688.8
2025-10-01 16:38:19,973 [ERROR] Exception in fetch_ohlcv_latest_ccxt: load_markets failed after 3 retries: binance GET https://api.binance.com/api/v3/exchangeInfo
2025-10-01 16:53:44,927 [WARNING] ccxt.fetch_ohlcv_or_trades ok=False latency_ms=1995434.4
2025-10-01 18:07:35,099 [INFO] ccxt.fetch_ohlcv_or_trades ok=True latency_ms=1262.5
2025-10-01 19:10:46,411 [INFO] ccxt.fetch_ohlcv_or_trades ok=True latency_ms=1202.3
2025-10-01 20:57:40,193 [INFO] ccxt.fetch_ohlcv_or_trades ok=True latency_ms=2902239.8
2025-10-01 21:39:48,678 [INFO] ccxt.fetch_ohlcv_or_trades ok=True latency_ms=1571185.1
2025-10-01 22:14:12,652 [INFO] ccxt.fetch_ohlcv_or_trades ok=True latency_ms=1303.3
2025-10-01 23:16:23,185 [INFO] ccxt.fetch_ohlcv_or_trades ok=True latency_ms=1207.1
2025-10-02 00:36:44,315 [INFO] ccxt.fetch_ohlcv_or_trades ok=True latency_ms=1146170.2
2025-10-02 01:09:22,993 [INFO] ccxt.fetch_ohlcv_or_trades ok=True latency_ms=1241.1
2025-10-02 02:13:38,587 [INFO] ccxt.fetch_ohlcv_or_trades ok=True latency_ms=1091.5
2025-10-02 03:18:50,294 [INFO] ccxt.fetch_ohlcv_or_trades ok=True latency_ms=1346.1
2025-10-02 04:12:27,720 [INFO] ccxt.fetch_ohlcv_or_trades ok=True latency_ms=1283.9
2025-10-02 05:08:19,381 [INFO] ccxt.fetch_ohlcv_or_trades ok=True latency_ms=1269.3
2025-10-02 06:16:01,375 [INFO] ccxt.fetch_ohlcv_or_trades ok=True latency_ms=1278.1
2025-10-02 07:07:43,069 [INFO] ccxt.fetch_ohlcv_or_trades ok=True latency_ms=1134.3
2025-10-02 08:33:14,539 [INFO] ccxt.fetch_ohlcv_or_trades ok=True latency_ms=1217.6
2025-10-02 09:13:08,335 [INFO] ccxt.fetch_ohlcv_or_trades ok=True latency_ms=1285.7
2025-10-02 10:15:13,744 [INFO] ccxt.fetch_ohlcv_or_trades ok=True latency_ms=1218.6
2025-10-02 11:09:40,757 [INFO] ccxt.fetch_ohlcv_or_trades ok=True latency_ms=1281.2
2025-10-02 12:15:16,028 [INFO] ccxt.fetch_ohlcv_or_trades ok=True latency_ms=1248.7
2025-10-02 13:16:27,461 [INFO] ccxt.fetch_ohlcv_or_trades ok=True latency_ms=1156.4
2025-10-02 14:19:06,906 [INFO] ccxt.fetch_ohlcv_or_trades ok=True latency_ms=1194.3
2025-10-02 15:14:55,602 [INFO] ccxt.fetch_ohlcv_or_trades ok=True latency_ms=1157.6
2025-10-02 16:07:04,657 [INFO] ccxt.fetch_ohlcv_or_trades ok=True latency_ms=1235.7
2025-10-02 17:06:21,238 [INFO] ccxt.fetch_ohlcv_or_trades ok=True latency_ms=1265.3
2025-10-02 18:46:33,474 [INFO] ccxt.fetch_ohlcv_or_trades ok=True latency_ms=1940569.3
2025-10-02 19:19:12,425 [INFO] ccxt.fetch_ohlcv_or_trades ok=True latency_ms=2117.6
2025-10-02 20:15:32,822 [INFO] ccxt.fetch_ohlcv_or_trades ok=True latency_ms=1248.3
2025-10-02 21:07:37,490 [INFO] ccxt.fetch_ohlcv_or_trades ok=True latency_ms=1125.2
2025-10-02 22:15:35,009 [INFO] ccxt.fetch_ohlcv_or_trades ok=True latency_ms=1184.8
2025-10-02 23:07:48,224 [INFO] ccxt.fetch_ohlcv_or_trades ok=True latency_ms=1147.8
2025-10-03 00:12:49,824 [INFO] ccxt.fetch_ohlcv_or_trades ok=True latency_ms=1192.6
2025-10-03 01:05:14,835 [INFO] ccxt.fetch_ohlcv_or_trades ok=True latency_ms=1117.4
2025-10-03 02:13:02,581 [INFO] ccxt.fetch_ohlcv_or_trades ok=True latency_ms=1094.2
2025-10-03 04:04:32,794 [ERROR] Exception in fetch_ohlcv_latest_ccxt: load_markets failed after 3 retries: binance GET https://fapi.binance.com/fapi/v1/exchangeInfo
2025-10-03 04:04:33,483 [WARNING] ccxt.fetch_ohlcv_or_trades ok=False latency_ms=2911253.6
2025-10-03 04:19:50,178 [INFO] ccxt.fetch_ohlcv_or_trades ok=True latency_ms=1210.7
2025-10-03 05:09:49,027 [INFO] ccxt.fetch_ohlcv_or_trades ok=True latency_ms=1136.6
2025-10-03 06:16:48,761 [INFO] ccxt.fetch_ohlcv_or_trades ok=True latency_ms=1242.9
2025-10-03 07:50:28,715 [INFO] ccxt.fetch_ohlcv_or_trades ok=True latency_ms=1763284.2
2025-10-03 08:33:04,210 [INFO] ccxt.fetch_ohlcv_or_trades ok=True latency_ms=1482638.2
2025-10-03 09:32:23,402 [INFO] ccxt.fetch_ohlcv_or_trades ok=True latency_ms=1374829.3
2025-10-03 10:09:58,043 [INFO] ccxt.fetch_ohlcv_or_trades ok=True latency_ms=1202.2
2025-10-03 11:10:18,541 [INFO] ccxt.fetch_ohlcv_or_trades ok=True latency_ms=1187.6
2025-10-03 12:14:36,302 [INFO] ccxt.fetch_ohlcv_or_trades ok=True latency_ms=1216.3
2025-10-03 13:15:35,914 [INFO] ccxt.fetch_ohlcv_or_trades ok=True latency_ms=1195.0
2025-10-03 14:14:23,712 [INFO] ccxt.fetch_ohlcv_or_trades ok=True latency_ms=1238.4
2025-10-03 15:13:11,107 [INFO] ccxt.fetch_ohlcv_or_trades ok=True latency_ms=1205.0
2025-10-03 16:13:44,215 [INFO] ccxt.fetch_ohlcv_or_trades ok=True latency_ms=1173.6
2025-10-03 17:09:21,182 [INFO] ccxt.fetch_ohlcv_or_trades ok=True latency_ms=1080.5
2025-10-03 18:16:46,202 [INFO] ccxt.fetch_ohlcv_or_trades ok=True latency_ms=1260.8
2025-10-03 19:28:48,617 [INFO] ccxt.fetch_ohlcv_or_trades ok=True latency_ms=643801.5
2025-10-03 20:21:26,821 [INFO] ccxt.fetch_ohlcv_or_trades ok=True latency_ms=1316.5
2025-10-03 21:19:50,106 [INFO] ccxt.fetch_ohlcv_or_trades ok=True latency_ms=1357.9
2025-10-03 22:07:00,091 [INFO] ccxt.fetch_ohlcv_or_trades ok=True latency_ms=1532.8
2025-10-03 23:05:58,839 [INFO] ccxt.fetch_ohlcv_or_trades ok=True latency_ms=1360.2
2025-10-04 00:05:35,887 [INFO] ccxt.fetch_ohlcv_or_trades ok=True latency_ms=1766.7
2025-10-04 01:07:49,216 [INFO] ccxt.fetch_ohlcv_or_trades ok=True latency_ms=1793.5
2025-10-04 02:05:02,228 [INFO] ccxt.fetch_ohlcv_or_trades ok=True latency_ms=1476.2
2025-10-04 03:05:05,571 [INFO] ccxt.fetch_ohlcv_or_trades ok=True latency_ms=1192.0
2025-10-04 04:05:02,495 [INFO] ccxt.fetch_ohlcv_or_trades ok=True latency_ms=1490.9
2025-10-04 05:05:04,602 [INFO] ccxt.fetch_ohlcv_or_trades ok=True latency_ms=1319.4
2025-10-04 06:05:06,903 [INFO] ccxt.fetch_ohlcv_or_trades ok=True latency_ms=1557.2
2025-10-04 07:05:03,847 [INFO] ccxt.fetch_ohlcv_or_trades ok=True latency_ms=1584.9
2025-10-04 08:05:05,893 [INFO] ccxt.fetch_ohlcv_or_trades ok=True latency_ms=1478.5
2025-10-04 09:05:07,785 [INFO] ccxt.fetch_ohlcv_or_trades ok=True latency_ms=3998.4
2025-10-04 10:05:05,073 [INFO] ccxt.fetch_ohlcv_or_trades ok=True latency_ms=1575.6
2025-10-04 11:06:18,723 [INFO] ccxt.fetch_ohlcv_or_trades ok=True latency_ms=1422.9
2025-10-04 12:05:05,559 [INFO] ccxt.fetch_ohlcv_or_trades ok=True latency_ms=1545.5
2025-10-04 13:06:16,536 [INFO] ccxt.fetch_ohlcv_or_trades ok=True latency_ms=1197.4
2025-10-04 14:05:03,490 [INFO] ccxt.fetch_ohlcv_or_trades ok=True latency_ms=2093.5
2025-10-04 15:05:01,985 [INFO] ccxt.fetch_ohlcv_or_trades ok=True latency_ms=1604.5
2025-10-04 16:17:26,332 [INFO] ccxt.fetch_ohlcv_or_trades ok=True latency_ms=1266.3
2025-10-04 17:05:02,665 [INFO] ccxt.fetch_ohlcv_or_trades ok=True latency_ms=1263.0
2025-10-04 18:05:05,046 [INFO] ccxt.fetch_ohlcv_or_trades ok=True latency_ms=1862.4
2025-10-04 19:05:05,726 [INFO] ccxt.fetch_ohlcv_or_trades ok=True latency_ms=2345.4
2025-10-04 20:05:06,099 [INFO] ccxt.fetch_ohlcv_or_trades ok=True latency_ms=2673.8
2025-10-04 21:07:29,077 [INFO] ccxt.fetch_ohlcv_or_trades ok=True latency_ms=1366.0
2025-10-04 22:05:01,837 [INFO] ccxt.fetch_ohlcv_or_trades ok=True latency_ms=1336.4
2025-10-04 23:05:03,076 [INFO] ccxt.fetch_ohlcv_or_trades ok=True latency_ms=1225.5
2025-10-05 00:05:06,703 [INFO] ccxt.fetch_ohlcv_or_trades ok=True latency_ms=1993.7
2025-10-05 01:11:37,462 [INFO] ccxt.fetch_ohlcv_or_trades ok=True latency_ms=1634.5
2025-10-05 02:09:08,002 [INFO] ccxt.fetch_ohlcv_or_trades ok=True latency_ms=1232.4
2025-10-05 03:05:04,882 [INFO] ccxt.fetch_ohlcv_or_trades ok=True latency_ms=1386.6
2025-10-05 04:05:02,843 [INFO] ccxt.fetch_ohlcv_or_trades ok=True latency_ms=1843.7
2025-10-05 05:05:04,868 [INFO] ccxt.fetch_ohlcv_or_trades ok=True latency_ms=1343.7
2025-10-05 06:05:04,762 [INFO] ccxt.fetch_ohlcv_or_trades ok=True latency_ms=1575.4
2025-10-05 07:05:06,510 [INFO] ccxt.fetch_ohlcv_or_trades ok=True latency_ms=1462.8
2025-10-05 08:05:04,078 [INFO] ccxt.fetch_ohlcv_or_trades ok=True latency_ms=1465.9
2025-10-05 09:12:44,213 [INFO] ccxt.fetch_ohlcv_or_trades ok=True latency_ms=1289.2
2025-10-05 10:05:05,761 [INFO] ccxt.fetch_ohlcv_or_trades ok=True latency_ms=1929.5
2025-10-05 11:05:05,872 [INFO] ccxt.fetch_ohlcv_or_trades ok=True latency_ms=1531.1
2025-10-05 12:05:07,043 [INFO] ccxt.fetch_ohlcv_or_trades ok=True latency_ms=3105.9
2025-10-05 13:05:05,773 [INFO] ccxt.fetch_ohlcv_or_trades ok=True latency_ms=1517.4
2025-10-05 14:05:02,536 [INFO] ccxt.fetch_ohlcv_or_trades ok=True latency_ms=1394.4
2025-10-05 15:05:04,221 [INFO] ccxt.fetch_ohlcv_or_trades ok=True latency_ms=1448.6
2025-10-05 16:05:05,716 [INFO] ccxt.fetch_ohlcv_or_trades ok=True latency_ms=2251.6
2025-10-05 17:05:05,665 [INFO] ccxt.fetch_ohlcv_or_trades ok=True latency_ms=1465.4
2025-10-05 17:43:47,519 [INFO] Structured logger initialized.
2025-10-05 17:43:49,298 [INFO] ccxt.fetch_ohlcv_or_trades ok=True latency_ms=1776.1
2025-10-05 17:48:12,765 [INFO] Structured logger initialized.
2025-10-05 17:48:14,576 [INFO] ccxt.fetch_ohlcv_or_trades ok=True latency_ms=1808.3
2025-10-05 17:51:10,653 [INFO] Structured logger initialized.
2025-10-05 17:51:12,498 [INFO] ccxt.fetch_ohlcv_or_trades ok=True latency_ms=1843.4
2025-10-05 17:54:42,149 [INFO] Structured logger initialized.
2025-10-05 17:54:43,780 [INFO] ccxt.fetch_ohlcv_or_trades ok=True latency_ms=1629.3
2025-10-05 18:05:06,046 [INFO] ccxt.fetch_ohlcv_or_trades ok=True latency_ms=1610.1
